{"/home/idd_tfirmino/Documentos/boilerplate/src/components/Main/index.tsx": {"path":"/home/idd_tfirmino/Documentos/boilerplate/src/components/Main/index.tsx","statementMap":{"0":{"start":{"line":3,"column":13},"end":{"line":15,"column":1}},"1":{"start":{"line":4,"column":2},"end":{"line":14,"column":14}}},"fnMap":{"0":{"name":"(anonymous_0)","decl":{"start":{"line":3,"column":13},"end":{"line":3,"column":14}},"loc":{"start":{"line":4,"column":2},"end":{"line":14,"column":14}},"line":4}},"branchMap":{},"s":{"0":1,"1":1},"f":{"0":1},"b":{},"_coverageSchema":"1a1c01bbd47fc00a2c39e90264f33305004495a9","hash":"556cee74802827ef0e3079c63197d66db74ccc25"}
,"/home/idd_tfirmino/Documentos/boilerplate/src/components/Main/styles.ts": {"path":"/home/idd_tfirmino/Documentos/boilerplate/src/components/Main/styles.ts","statementMap":{"0":{"start":{"line":3,"column":23},"end":{"line":13,"column":1}},"1":{"start":{"line":14,"column":20},"end":{"line":17,"column":1}},"2":{"start":{"line":19,"column":21},"end":{"line":21,"column":1}},"3":{"start":{"line":23,"column":27},"end":{"line":26,"column":1}},"4":{"start":{"line":28,"column":28},"end":{"line":31,"column":1}}},"fnMap":{},"branchMap":{},"s":{"0":1,"1":1,"2":1,"3":1,"4":1},"f":{},"b":{},"_coverageSchema":"1a1c01bbd47fc00a2c39e90264f33305004495a9","hash":"3a6d372ce6d44136bbffed2b14d88f8d69e6eaa2"}
,"/home/idd_tfirmino/Documentos/boilerplate/src/pages/_app.tsx": {"path":"/home/idd_tfirmino/Documentos/boilerplate/src/pages/_app.tsx","statementMap":{"0":{"start":{"line":7,"column":2},"end":{"line":20,"column":3}}},"fnMap":{"0":{"name":"App","decl":{"start":{"line":6,"column":9},"end":{"line":6,"column":12}},"loc":{"start":{"line":6,"column":49},"end":{"line":21,"column":1}},"line":6}},"branchMap":{},"s":{"0":0},"f":{"0":0},"b":{}}
,"/home/idd_tfirmino/Documentos/boilerplate/src/pages/_document.tsx": {"path":"/home/idd_tfirmino/Documentos/boilerplate/src/pages/_document.tsx","statementMap":{"0":{"start":{"line":13,"column":18},"end":{"line":13,"column":40}},"1":{"start":{"line":14,"column":31},"end":{"line":14,"column":45}},"2":{"start":{"line":16,"column":4},"end":{"line":35,"column":5}},"3":{"start":{"line":17,"column":6},"end":{"line":21,"column":10}},"4":{"start":{"line":18,"column":8},"end":{"line":21,"column":10}},"5":{"start":{"line":19,"column":31},"end":{"line":20,"column":51}},"6":{"start":{"line":20,"column":12},"end":{"line":20,"column":51}},"7":{"start":{"line":23,"column":27},"end":{"line":23,"column":62}},"8":{"start":{"line":24,"column":6},"end":{"line":32,"column":7}},"9":{"start":{"line":34,"column":6},"end":{"line":34,"column":18}},"10":{"start":{"line":39,"column":4},"end":{"line":48,"column":5}}},"fnMap":{"0":{"name":"(anonymous_0)","decl":{"start":{"line":12,"column":2},"end":{"line":12,"column":3}},"loc":{"start":{"line":12,"column":53},"end":{"line":36,"column":3}},"line":12},"1":{"name":"(anonymous_1)","decl":{"start":{"line":17,"column":23},"end":{"line":17,"column":24}},"loc":{"start":{"line":18,"column":8},"end":{"line":21,"column":10}},"line":18},"2":{"name":"(anonymous_2)","decl":{"start":{"line":19,"column":22},"end":{"line":19,"column":23}},"loc":{"start":{"line":19,"column":31},"end":{"line":20,"column":51}},"line":19},"3":{"name":"(anonymous_3)","decl":{"start":{"line":19,"column":31},"end":{"line":19,"column":32}},"loc":{"start":{"line":20,"column":12},"end":{"line":20,"column":51}},"line":20},"4":{"name":"(anonymous_4)","decl":{"start":{"line":38,"column":2},"end":{"line":38,"column":3}},"loc":{"start":{"line":38,"column":11},"end":{"line":49,"column":3}},"line":38}},"branchMap":{},"s":{"0":0,"1":0,"2":0,"3":0,"4":0,"5":0,"6":0,"7":0,"8":0,"9":0,"10":0},"f":{"0":0,"1":0,"2":0,"3":0,"4":0},"b":{}}
,"/home/idd_tfirmino/Documentos/boilerplate/src/pages/index.tsx": {"path":"/home/idd_tfirmino/Documentos/boilerplate/src/pages/index.tsx","statementMap":{"0":{"start":{"line":4,"column":2},"end":{"line":4,"column":17}}},"fnMap":{"0":{"name":"Home","decl":{"start":{"line":3,"column":24},"end":{"line":3,"column":28}},"loc":{"start":{"line":3,"column":31},"end":{"line":5,"column":1}},"line":3}},"branchMap":{},"s":{"0":0},"f":{"0":0},"b":{}}
,"/home/idd_tfirmino/Documentos/boilerplate/src/styles/global.ts": {"path":"/home/idd_tfirmino/Documentos/boilerplate/src/styles/global.ts","statementMap":{"0":{"start":{"line":3,"column":21},"end":{"line":38,"column":1}}},"fnMap":{},"branchMap":{},"s":{"0":0},"f":{},"b":{}}
}
